#
# There is insufficient memory for the Java Runtime Environment to continue.
# Native memory allocation (mmap) failed to map 130023424 bytes. Error detail: G1 virtual space
# Possible reasons:
#   The system is out of physical RAM or swap space
#   This process is running with CompressedOops enabled, and the Java Heap may be blocking the growth of the native heap
# Possible solutions:
#   Reduce memory load on the system
#   Increase physical memory or swap space
#   Check if swap backing store is full
#   Decrease Java heap size (-Xmx/-Xms)
#   Decrease number of Java threads
#   Decrease Java thread stack sizes (-Xss)
#   Set larger code cache with -XX:ReservedCodeCacheSize=
#   JVM is running with Unscaled Compressed Oops mode in which the Java heap is
#     placed in the first 4GB address space. The Java Heap base address is the
#     maximum limit for the native heap growth. Please use -XX:HeapBaseMinAddress
#     to set the Java Heap base and to place the Java Heap above 4GB virtual address.
# This output file may be truncated or incomplete.
#
#  Out of Memory Error (os_windows.cpp:3631), pid=30108, tid=31896
#
# JRE version:  (22.0.2+9) (build )
# Java VM: Java HotSpot(TM) 64-Bit Server VM (22.0.2+9-70, mixed mode, sharing, tiered, compressed oops, compressed class ptrs, g1 gc, windows-amd64)
# No core dump will be written. Minidumps are not enabled by default on client versions of Windows
#

---------------  S U M M A R Y ------------

Command Line: -Dfile.encoding=UTF-8 --module-path=C:\Users\krupa\OneDrive\Documents\NetBeansProjects\AirLineManagementSystem\build\classes airlinemanagementsystem.BookFlight

Host: 11th Gen Intel(R) Core(TM) i5-11400H @ 2.70GHz, 12 cores, 7G,  Windows 11 , 64 bit Build 22621 (10.0.22621.3958)
Time: Sun Aug 18 23:18:38 2024 India Standard Time elapsed time: 0.008648 seconds (0d 0h 0m 0s)

---------------  T H R E A D  ---------------

Current thread (0x000001c230bf2cf0):  JavaThread "Unknown thread" [_thread_in_vm, id=31896, stack(0x0000004f45600000,0x0000004f45700000) (1024K)]

Stack: [0x0000004f45600000,0x0000004f45700000]
Native frames: (J=compiled Java code, j=interpreted, Vv=VM code, C=native code)
V  [jvm.dll+0x6e26e9]  (no source info available)
V  [jvm.dll+0x875753]  (no source info available)
V  [jvm.dll+0x877b7e]  (no source info available)
V  [jvm.dll+0x878253]  (no source info available)
V  [jvm.dll+0x27fc86]  (no source info available)
V  [jvm.dll+0x6ded85]  (no source info available)
V  [jvm.dll+0x6d388a]  (no source info available)
V  [jvm.dll+0x358b8a]  (no source info available)
V  [jvm.dll+0x3610b6]  (no source info available)
V  [jvm.dll+0x3b419e]  (no source info available)
V  [jvm.dll+0x3b4448]  (no source info available)
V  [jvm.dll+0x32c5ec]  (no source info available)
V  [jvm.dll+0x32d258]  (no source info available)
V  [jvm.dll+0x83d5ac]  (no source info available)
V  [jvm.dll+0x3c10d1]  (no source info available)
V  [jvm.dll+0x8264cc]  (no source info available)
V  [jvm.dll+0x45bd5e]  (no source info available)
V  [jvm.dll+0x45dbe1]  (no source info available)
C  [jli.dll+0x52a3]  (no source info available)
C  [ucrtbase.dll+0x29333]  (no source info available)
C  [KERNEL32.DLL+0x1257d]  (no source info available)
C  [ntdll.dll+0x5af28]  (no source info available)


---------------  P R O C E S S  ---------------

Threads class SMR info:
_java_thread_list=0x00007ffefeaec1c8, length=0, elements={
}

Java Threads: ( => current thread )
Total: 0

Other Threads:
  0x000001c232fa42f0 WorkerThread "GC Thread#0"                     [id=10256, stack(0x0000004f45700000,0x0000004f45800000) (1024K)]
  0x000001c232fb4ae0 ConcurrentGCThread "G1 Main Marker"            [id=32216, stack(0x0000004f45800000,0x0000004f45900000) (1024K)]
  0x000001c232fb5db0 WorkerThread "G1 Conc#0"                       [id=32228, stack(0x0000004f45900000,0x0000004f45a00000) (1024K)]

[error occurred during error reporting (printing all threads), id 0xc0000005, EXCEPTION_ACCESS_VIOLATION (0xc0000005) at pc=0x00007ffefe23f517]
VM state: not at safepoint (not fully initialized)

VM Mutex/Monitor currently owned by a thread:  ([mutex/lock_event])
[0x00007ffefeb6cc80] Heap_lock - owner thread: 0x000001c230bf2cf0

Heap address: 0x0000000084000000, size: 1984 MB, Compressed Oops mode: 32-bit

CDS archive(s) mapped at: [0x0000000000000000-0x0000000000000000-0x0000000000000000), size 0, SharedBaseAddress: 0x0000000800000000, ArchiveRelocationMode: 1.
Narrow klass base: 0x0000000000000000, Narrow klass shift: 0, Narrow klass range: 0x0

GC Precious Log:
 CardTable entry size: 512
 Card Set container configuration: InlinePtr #cards 5 size 8 Array Of Cards #cards 12 size 40 Howl #buckets 4 coarsen threshold 1843 Howl Bitmap #cards 512 size 80 coarsen threshold 460 Card regions per heap region 1 cards per card region 2048

Heap:
 garbage-first heap   total reserved 2031616K, committed 0K, used 0K [0x0000000084000000, 0x0000000100000000)
  region size 1024K, 0 young (0K), 0 survivors (0K)

[error occurred during error reporting (printing heap information), id 0xc0000005, EXCEPTION_ACCESS_VIOLATION (0xc0000005) at pc=0x00007ffefe63e869]
GC Heap History (0 events):
No events

Dll operation events (1 events):
Event: 0.006 Loaded shared library C:\Program Files\Java\jdk-22\bin\java.dll

Deoptimization events (0 events):
No events

Classes loaded (0 events):
No events

Classes unloaded (0 events):
No events

Classes redefined (0 events):
No events

Internal exceptions (0 events):
No events

ZGC Phase Switch (0 events):
No events

VM Operations (0 events):
No events

Memory protections (0 events):
No events

Nmethod flushes (0 events):
No events

Events (0 events):
No events


Dynamic libraries:
0x00007ff633b80000 - 0x00007ff633b90000 	C:\Program Files\Java\jdk-22\bin\java.exe
0x00007fff4d4d0000 - 0x00007fff4d6e7000 	C:\Windows\SYSTEM32\ntdll.dll
0x00007fff4bfa0000 - 0x00007fff4c064000 	C:\Windows\System32\KERNEL32.DLL
0x00007fff4ab20000 - 0x00007fff4aecd000 	C:\Windows\System32\KERNELBASE.dll
0x00007fff4b040000 - 0x00007fff4b151000 	C:\Windows\System32\ucrtbase.dll
0x00007fff2ee00000 - 0x00007fff2ee1b000 	C:\Program Files\Java\jdk-22\bin\VCRUNTIME140.dll
0x00007fff28360000 - 0x00007fff28377000 	C:\Program Files\Java\jdk-22\bin\jli.dll
0x00007fff4c370000 - 0x00007fff4c51e000 	C:\Windows\System32\USER32.dll
0x00007fff3efa0000 - 0x00007fff3f233000 	C:\Windows\WinSxS\amd64_microsoft.windows.common-controls_6595b64144ccf1df_6.0.22621.3672_none_2713b9d173822955\COMCTL32.dll
0x00007fff4aac0000 - 0x00007fff4aae6000 	C:\Windows\System32\win32u.dll
0x00007fff4c220000 - 0x00007fff4c249000 	C:\Windows\System32\GDI32.dll
0x00007fff4b200000 - 0x00007fff4b2a7000 	C:\Windows\System32\msvcrt.dll
0x00007fff4a8e0000 - 0x00007fff4a9f9000 	C:\Windows\System32\gdi32full.dll
0x00007fff4b160000 - 0x00007fff4b1fa000 	C:\Windows\System32\msvcp_win.dll
0x00007fff4c330000 - 0x00007fff4c361000 	C:\Windows\System32\IMM32.DLL
0x00007fff41250000 - 0x00007fff4125c000 	C:\Program Files\Java\jdk-22\bin\vcruntime140_1.dll
0x00007fff1a820000 - 0x00007fff1a8ae000 	C:\Program Files\Java\jdk-22\bin\msvcp140.dll
0x00007ffefdf00000 - 0x00007ffefec49000 	C:\Program Files\Java\jdk-22\bin\server\jvm.dll
0x00007fff4d030000 - 0x00007fff4d0e2000 	C:\Windows\System32\ADVAPI32.dll
0x00007fff4cbd0000 - 0x00007fff4cc79000 	C:\Windows\System32\sechost.dll
0x00007fff4aaf0000 - 0x00007fff4ab18000 	C:\Windows\System32\bcrypt.dll
0x00007fff4c9a0000 - 0x00007fff4cab4000 	C:\Windows\System32\RPCRT4.dll
0x00007fff4c530000 - 0x00007fff4c5a1000 	C:\Windows\System32\WS2_32.dll
0x00007fff49680000 - 0x00007fff496cd000 	C:\Windows\SYSTEM32\POWRPROF.dll
0x00007fff41e90000 - 0x00007fff41ec4000 	C:\Windows\SYSTEM32\WINMM.dll
0x00007fff41de0000 - 0x00007fff41dea000 	C:\Windows\SYSTEM32\VERSION.dll
0x00007fff49660000 - 0x00007fff49673000 	C:\Windows\SYSTEM32\UMPDC.dll
0x00007fff49910000 - 0x00007fff49928000 	C:\Windows\SYSTEM32\kernel.appcore.dll
0x00007fff2edf0000 - 0x00007fff2edfa000 	C:\Program Files\Java\jdk-22\bin\jimage.dll
0x00007fff48060000 - 0x00007fff48292000 	C:\Windows\SYSTEM32\DBGHELP.DLL
0x00007fff4c610000 - 0x00007fff4c99d000 	C:\Windows\System32\combase.dll
0x00007fff4ccb0000 - 0x00007fff4cd87000 	C:\Windows\System32\OLEAUT32.dll
0x00007fff3d390000 - 0x00007fff3d3c2000 	C:\Windows\SYSTEM32\dbgcore.DLL
0x00007fff4a860000 - 0x00007fff4a8db000 	C:\Windows\System32\bcryptPrimitives.dll
0x00007fff1b5d0000 - 0x00007fff1b5ee000 	C:\Program Files\Java\jdk-22\bin\java.dll
0x00007fff4b2b0000 - 0x00007fff4bb18000 	C:\Windows\System32\SHELL32.dll
0x00007fff4c070000 - 0x00007fff4c215000 	C:\Windows\System32\ole32.dll

dbghelp: loaded successfully - version: 4.0.5 - missing functions: none
symbol engine: initialized successfully - sym options: 0x614 - pdb path: .;C:\Program Files\Java\jdk-22\bin;C:\Windows\SYSTEM32;C:\Windows\WinSxS\amd64_microsoft.windows.common-controls_6595b64144ccf1df_6.0.22621.3672_none_2713b9d173822955;C:\Program Files\Java\jdk-22\bin\server

VM Arguments:
jvm_args: -Dfile.encoding=UTF-8 --module-path=C:\Users\krupa\OneDrive\Documents\NetBeansProjects\AirLineManagementSystem\build\classes 
java_command: airlinemanagementsystem.BookFlight
java_class_path (initial): C:\Users\krupa\OneDrive\Desktop\mysql-connector-java-8.0.28.jar;C:\Users\krupa\OneDrive\Desktop\rs2xml.jar;C:\Users\krupa\OneDrive\Documents\NetBeansProjects\AirLineManagementSystem\build\classes
Launcher Type: SUN_STANDARD

[Global flags]
     intx CICompilerCount                          = 4                                         {product} {ergonomic}
     uint ConcGCThreads                            = 3                                         {product} {ergonomic}
     uint G1ConcRefinementThreads                  = 10                                        {product} {ergonomic}
   size_t G1HeapRegionSize                         = 1048576                                   {product} {ergonomic}
   size_t InitialHeapSize                          = 130023424                                 {product} {ergonomic}
   size_t MarkStackSize                            = 4194304                                   {product} {ergonomic}
   size_t MaxHeapSize                              = 2080374784                                {product} {ergonomic}
   size_t MinHeapDeltaBytes                        = 1048576                                   {product} {ergonomic}
   size_t MinHeapSize                              = 8388608                                   {product} {ergonomic}
    uintx NonNMethodCodeHeapSize                   = 5839372                                {pd product} {ergonomic}
    uintx NonProfiledCodeHeapSize                  = 122909434                              {pd product} {ergonomic}
    uintx ProfiledCodeHeapSize                     = 122909434                              {pd product} {ergonomic}
    uintx ReservedCodeCacheSize                    = 251658240                              {pd product} {ergonomic}
     bool SegmentedCodeCache                       = true                                      {product} {ergonomic}
   size_t SoftMaxHeapSize                          = 2080374784                             {manageable} {ergonomic}
     bool UseCompressedOops                        = true                           {product lp64_product} {ergonomic}
     bool UseG1GC                                  = true                                      {product} {ergonomic}
     bool UseLargePagesIndividualAllocation        = false                                  {pd product} {ergonomic}

Logging:
Log output configuration:
 #0: stdout all=warning uptime,level,tags foldmultilines=false
 #1: stderr all=off uptime,level,tags foldmultilines=false

Environment Variables:
JAVA_HOME=C:\Program Files\Java\jdk-21
PATH=C:\Program Files\Common Files\Oracle\Java\javapath;C:\Windows\System32;C:\Users\krupa\AppData\Roaming\Microsoft\Windows\Start Menu\Programs;C:\Users\krupa\AppData\Roaming\Microsoft\Windows\Start Menu\Programs;C:\Windows\system32\config\systemprofile\AppData\Local\Microsoft\WindowsApps;C:\Users\krupa\AppData\Local\Programs\Python\Launcher\;C:\Program Files\MySQL\MySQL Shell 8.0\bin\;C:\ngrok;C:\Program Files\MySQL\MySQL Server 8.0\bin;C:\Users\krupa\AppData\Roaming\npm;C:\Program Files\nodejs\;C:\Program Files\Git\cmd;C:\Program Files\dotnet\;C:\Program Files\MATLAB\MATLAB Runtime\R2023b\runtime\win64;C:\Program Files\Java\jdk-21\bin;C:\Program Files\MATLAB\R2023a\runtime\win64;C:\Program Files\MATLAB\R2023a\bin;C:\Program Files\Java\jdk-22\bin;C:\Users\krupa\AppData\Local\Programs\Eclipse Adoptium\jdk-17.0.10.7-hotspot\bin;C:\Windows\System32;C:\Program Files\MySQL\MySQL Shell 8.0\bin\;C:\Users\krupa\AppData\Local\Programs\Python\Launcher\;C:\Users\krupa\AppData\Local\Microsoft\WindowsApps;C:\Program Files\MySQL\MySQL Server 8.0\bin;C:\Program Files\nodejs\;C:\ngrok;C:\Users\krupa\AppData\Local\Programs\Microsoft VS Code\bin;C:\Users\krupa\AppData\Roaming\npm;C:\Program Files\Java\jdk-22\bin;
USERNAME=krupa
OS=Windows_NT
PROCESSOR_IDENTIFIER=Intel64 Family 6 Model 141 Stepping 1, GenuineIntel
TMP=C:\Users\krupa\AppData\Local\Temp
TEMP=C:\Users\krupa\AppData\Local\Temp




Periodic native trim disabled

---------------  S Y S T E M  ---------------

OS:
 Windows 11 , 64 bit Build 22621 (10.0.22621.3958)
OS uptime: 1 days 7:08 hours

CPU: total 12 (initial active 12) (6 cores per cpu, 2 threads per core) family 6 model 141 stepping 1 microcode 0x50, cx8, cmov, fxsr, ht, mmx, 3dnowpref, sse, sse2, sse3, ssse3, sse4.1, sse4.2, popcnt, lzcnt, tsc, tscinvbit, avx, avx2, aes, erms, clmul, bmi1, bmi2, adx, avx512f, avx512dq, avx512cd, avx512bw, avx512vl, sha, fma, vzeroupper, avx512_vpopcntdq, avx512_vpclmulqdq, avx512_vaes, avx512_vnni, clflush, clflushopt, clwb, avx512_vbmi2, avx512_vbmi, rdtscp, rdpid, fsrm, gfni, avx512_bitalg, f16c, pku, cet_ibt, cet_ss, avx512_ifma
Processor Information for all 12 processors :
  Max Mhz: 2688, Current Mhz: 2688, Mhz Limit: 2688

Memory: 4k page, system-wide physical 7930M (701M free)
TotalPageFile size 32496M (AvailPageFile size 81M)
current process WorkingSet (physical memory assigned to process): 12M, peak: 12M
current process commit charge ("private bytes"): 65M, peak: 188M

vm_info: Java HotSpot(TM) 64-Bit Server VM (22.0.2+9-70) for windows-amd64 JRE (22.0.2+9-70), built on 2024-06-04T16:52:23Z by "mach5one" with MS VC++ 17.6 (VS2022)

END.
