#
# There is insufficient memory for the Java Runtime Environment to continue.
# Native memory allocation (malloc) failed to allocate 145936 bytes. Error detail: Chunk::new
# Possible reasons:
#   The system is out of physical RAM or swap space
#   This process is running with CompressedOops enabled, and the Java Heap may be blocking the growth of the native heap
# Possible solutions:
#   Reduce memory load on the system
#   Increase physical memory or swap space
#   Check if swap backing store is full
#   Decrease Java heap size (-Xmx/-Xms)
#   Decrease number of Java threads
#   Decrease Java thread stack sizes (-Xss)
#   Set larger code cache with -XX:ReservedCodeCacheSize=
#   JVM is running with Unscaled Compressed Oops mode in which the Java heap is
#     placed in the first 4GB address space. The Java Heap base address is the
#     maximum limit for the native heap growth. Please use -XX:HeapBaseMinAddress
#     to set the Java Heap base and to place the Java Heap above 4GB virtual address.
# This output file may be truncated or incomplete.
#
#  Out of Memory Error (arena.cpp:150), pid=27764, tid=14332
#
# JRE version: Java(TM) SE Runtime Environment (22.0.2+9) (build 22.0.2+9-70)
# Java VM: Java HotSpot(TM) 64-Bit Server VM (22.0.2+9-70, mixed mode, sharing, tiered, compressed oops, compressed class ptrs, g1 gc, windows-amd64)
# No core dump will be written. Minidumps are not enabled by default on client versions of Windows
#

---------------  S U M M A R Y ------------

Command Line: -Dfile.encoding=UTF-8 --module-path=C:\Users\krupa\OneDrive\Documents\NetBeansProjects\AirLineManagementSystem\build\classes airlinemanagementsystem.AddCustomer

Host: 11th Gen Intel(R) Core(TM) i5-11400H @ 2.70GHz, 12 cores, 7G,  Windows 11 , 64 bit Build 22621 (10.0.22621.3958)
Time: Sat Aug 17 15:50:50 2024 India Standard Time elapsed time: 0.056553 seconds (0d 0h 0m 0s)

---------------  T H R E A D  ---------------

Current thread (0x000001877efbbbc0):  JavaThread "C2 CompilerThread0" daemon [_thread_in_native, id=14332, stack(0x0000004724200000,0x0000004724300000) (1024K)]


Current CompileTask:
C2:56  163       4       java.util.HashMap::putVal (300 bytes)

Stack: [0x0000004724200000,0x0000004724300000]
Native frames: (J=compiled Java code, j=interpreted, Vv=VM code, C=native code)
V  [jvm.dll+0x6e26e9]  (no source info available)
V  [jvm.dll+0x875753]  (no source info available)
V  [jvm.dll+0x877b7e]  (no source info available)
V  [jvm.dll+0x878253]  (no source info available)
V  [jvm.dll+0x27fc86]  (no source info available)
V  [jvm.dll+0xc3d0f]  (no source info available)
V  [jvm.dll+0xc3f6b]  (no source info available)
V  [jvm.dll+0x3bb442]  (no source info available)
V  [jvm.dll+0x387d4b]  (no source info available)
V  [jvm.dll+0x3871ba]  (no source info available)
V  [jvm.dll+0x2477f8]  (no source info available)
V  [jvm.dll+0x246e9f]  (no source info available)
V  [jvm.dll+0x1c4e80]  (no source info available)
V  [jvm.dll+0x2568f3]  (no source info available)
V  [jvm.dll+0x254baa]  (no source info available)
V  [jvm.dll+0x3f57a6]  (no source info available)
V  [jvm.dll+0x81dc0b]  (no source info available)
V  [jvm.dll+0x6e0d85]  (no source info available)
C  [ucrtbase.dll+0x29333]  (no source info available)
C  [KERNEL32.DLL+0x1257d]  (no source info available)
C  [ntdll.dll+0x5af28]  (no source info available)


---------------  P R O C E S S  ---------------

Threads class SMR info:
_java_thread_list=0x00000187773345d0, length=12, elements={
0x0000018777333100, 0x000001877efac300, 0x000001877efad110, 0x000001877efb0de0,
0x000001877efb1930, 0x000001877efb6490, 0x000001877efb9120, 0x000001877efbbbc0,
0x000001877efbe210, 0x0000018717479330, 0x0000018717539650, 0x000001871766b010
}

Java Threads: ( => current thread )
  0x0000018777333100 JavaThread "main"                              [_thread_in_Java, id=23172, stack(0x0000004723400000,0x0000004723500000) (1024K)]
  0x000001877efac300 JavaThread "Reference Handler"          daemon [_thread_blocked, id=27296, stack(0x0000004723c00000,0x0000004723d00000) (1024K)]
  0x000001877efad110 JavaThread "Finalizer"                  daemon [_thread_blocked, id=8356, stack(0x0000004723d00000,0x0000004723e00000) (1024K)]
  0x000001877efb0de0 JavaThread "Signal Dispatcher"          daemon [_thread_blocked, id=23384, stack(0x0000004723e00000,0x0000004723f00000) (1024K)]
  0x000001877efb1930 JavaThread "Attach Listener"            daemon [_thread_blocked, id=25340, stack(0x0000004723f00000,0x0000004724000000) (1024K)]
  0x000001877efb6490 JavaThread "Service Thread"             daemon [_thread_blocked, id=11440, stack(0x0000004724000000,0x0000004724100000) (1024K)]
  0x000001877efb9120 JavaThread "Monitor Deflation Thread"   daemon [_thread_blocked, id=28192, stack(0x0000004724100000,0x0000004724200000) (1024K)]
=>0x000001877efbbbc0 JavaThread "C2 CompilerThread0"         daemon [_thread_in_native, id=14332, stack(0x0000004724200000,0x0000004724300000) (1024K)]
  0x000001877efbe210 JavaThread "C1 CompilerThread0"         daemon [_thread_blocked, id=27692, stack(0x0000004724300000,0x0000004724400000) (1024K)]
  0x0000018717479330 JavaThread "Common-Cleaner"             daemon [_thread_blocked, id=26660, stack(0x0000004724400000,0x0000004724500000) (1024K)]
  0x0000018717539650 JavaThread "Notification Thread"        daemon [_thread_blocked, id=27632, stack(0x0000004724500000,0x0000004724600000) (1024K)]
  0x000001871766b010 JavaThread "C2 CompilerThread1"         daemon [_thread_blocked, id=23372, stack(0x0000004724600000,0x0000004724700000) (1024K)]
Total: 12

Other Threads:
  0x000001877ef95be0 VMThread "VM Thread"                           [id=3168, stack(0x0000004723b00000,0x0000004723c00000) (1024K)]
  0x000001877ef7c530 WatcherThread "VM Periodic Task Thread"        [id=27348, stack(0x0000004723a00000,0x0000004723b00000) (1024K)]
  0x00000187796c3540 WorkerThread "GC Thread#0"                     [id=27860, stack(0x0000004723500000,0x0000004723600000) (1024K)]
  0x00000187796d3d30 ConcurrentGCThread "G1 Main Marker"            [id=25496, stack(0x0000004723600000,0x0000004723700000) (1024K)]
  0x00000187796d49f0 WorkerThread "G1 Conc#0"                       [id=25460, stack(0x0000004723700000,0x0000004723800000) (1024K)]
  0x000001877ee4b540 ConcurrentGCThread "G1 Refine#0"               [id=13064, stack(0x0000004723800000,0x0000004723900000) (1024K)]
  0x000001877ee4bbd0 ConcurrentGCThread "G1 Service"                [id=10780, stack(0x0000004723900000,0x0000004723a00000) (1024K)]
Total: 7

Threads with active compile tasks:
C2 CompilerThread0  76  163       4       java.util.HashMap::putVal (300 bytes)
Total: 1

VM state: not at safepoint (normal execution)

VM Mutex/Monitor currently owned by a thread: None

Heap address: 0x0000000084000000, size: 1984 MB, Compressed Oops mode: 32-bit

CDS archive(s) mapped at: [0x0000018718000000-0x0000018718c60000-0x0000018718c60000), size 12976128, SharedBaseAddress: 0x0000018718000000, ArchiveRelocationMode: 1.
Compressed class space mapped at: 0x0000018719000000-0x0000018759000000, reserved size: 1073741824
Narrow klass base: 0x0000018718000000, Narrow klass shift: 0, Narrow klass range: 0x41000000

GC Precious Log:
 CardTable entry size: 512
 Card Set container configuration: InlinePtr #cards 5 size 8 Array Of Cards #cards 12 size 40 Howl #buckets 4 coarsen threshold 1843 Howl Bitmap #cards 512 size 80 coarsen threshold 460 Card regions per heap region 1 cards per card region 2048
 CPUs: 12 total, 12 available
 Memory: 7930M
 Large Page Support: Disabled
 NUMA Support: Disabled
 Compressed Oops: Enabled (32-bit)
 Heap Region Size: 1M
 Heap Min Capacity: 8M
 Heap Initial Capacity: 124M
 Heap Max Capacity: 1984M
 Pre-touch: Disabled
 Parallel Workers: 10
 Concurrent Workers: 3
 Concurrent Refinement Workers: 10
 Periodic GC: Disabled

Heap:
 garbage-first heap   total reserved 2031616K, committed 126976K, used 2048K [0x0000000084000000, 0x0000000100000000)
  region size 1024K, 3 young (3072K), 0 survivors (0K)
 Metaspace       used 971K, committed 1152K, reserved 1114112K
  class space    used 77K, committed 192K, reserved 1048576K

Heap Regions: E=young(eden), S=young(survivor), O=old, HS=humongous(starts), HC=humongous(continues), CS=collection set, F=free, TAMS=top-at-mark-start, PB=parsable bottom
|   0|0x0000000084000000, 0x0000000084000000, 0x0000000084100000|  0%| F|  |TAMS 0x0000000084000000| PB 0x0000000084000000| Untracked |  0
|   1|0x0000000084100000, 0x0000000084100000, 0x0000000084200000|  0%| F|  |TAMS 0x0000000084100000| PB 0x0000000084100000| Untracked |  0
|   2|0x0000000084200000, 0x0000000084200000, 0x0000000084300000|  0%| F|  |TAMS 0x0000000084200000| PB 0x0000000084200000| Untracked |  0
|   3|0x0000000084300000, 0x0000000084300000, 0x0000000084400000|  0%| F|  |TAMS 0x0000000084300000| PB 0x0000000084300000| Untracked |  0
|   4|0x0000000084400000, 0x0000000084400000, 0x0000000084500000|  0%| F|  |TAMS 0x0000000084400000| PB 0x0000000084400000| Untracked |  0
|   5|0x0000000084500000, 0x0000000084500000, 0x0000000084600000|  0%| F|  |TAMS 0x0000000084500000| PB 0x0000000084500000| Untracked |  0
|   6|0x0000000084600000, 0x0000000084600000, 0x0000000084700000|  0%| F|  |TAMS 0x0000000084600000| PB 0x0000000084600000| Untracked |  0
|   7|0x0000000084700000, 0x0000000084700000, 0x0000000084800000|  0%| F|  |TAMS 0x0000000084700000| PB 0x0000000084700000| Untracked |  0
|   8|0x0000000084800000, 0x0000000084800000, 0x0000000084900000|  0%| F|  |TAMS 0x0000000084800000| PB 0x0000000084800000| Untracked |  0
|   9|0x0000000084900000, 0x0000000084900000, 0x0000000084a00000|  0%| F|  |TAMS 0x0000000084900000| PB 0x0000000084900000| Untracked |  0
|  10|0x0000000084a00000, 0x0000000084a00000, 0x0000000084b00000|  0%| F|  |TAMS 0x0000000084a00000| PB 0x0000000084a00000| Untracked |  0
|  11|0x0000000084b00000, 0x0000000084b00000, 0x0000000084c00000|  0%| F|  |TAMS 0x0000000084b00000| PB 0x0000000084b00000| Untracked |  0
|  12|0x0000000084c00000, 0x0000000084c00000, 0x0000000084d00000|  0%| F|  |TAMS 0x0000000084c00000| PB 0x0000000084c00000| Untracked |  0
|  13|0x0000000084d00000, 0x0000000084d00000, 0x0000000084e00000|  0%| F|  |TAMS 0x0000000084d00000| PB 0x0000000084d00000| Untracked |  0
|  14|0x0000000084e00000, 0x0000000084e00000, 0x0000000084f00000|  0%| F|  |TAMS 0x0000000084e00000| PB 0x0000000084e00000| Untracked |  0
|  15|0x0000000084f00000, 0x0000000084f00000, 0x0000000085000000|  0%| F|  |TAMS 0x0000000084f00000| PB 0x0000000084f00000| Untracked |  0
|  16|0x0000000085000000, 0x0000000085000000, 0x0000000085100000|  0%| F|  |TAMS 0x0000000085000000| PB 0x0000000085000000| Untracked |  0
|  17|0x0000000085100000, 0x0000000085100000, 0x0000000085200000|  0%| F|  |TAMS 0x0000000085100000| PB 0x0000000085100000| Untracked |  0
|  18|0x0000000085200000, 0x0000000085200000, 0x0000000085300000|  0%| F|  |TAMS 0x0000000085200000| PB 0x0000000085200000| Untracked |  0
|  19|0x0000000085300000, 0x0000000085300000, 0x0000000085400000|  0%| F|  |TAMS 0x0000000085300000| PB 0x0000000085300000| Untracked |  0
|  20|0x0000000085400000, 0x0000000085400000, 0x0000000085500000|  0%| F|  |TAMS 0x0000000085400000| PB 0x0000000085400000| Untracked |  0
|  21|0x0000000085500000, 0x0000000085500000, 0x0000000085600000|  0%| F|  |TAMS 0x0000000085500000| PB 0x0000000085500000| Untracked |  0
|  22|0x0000000085600000, 0x0000000085600000, 0x0000000085700000|  0%| F|  |TAMS 0x0000000085600000| PB 0x0000000085600000| Untracked |  0
|  23|0x0000000085700000, 0x0000000085700000, 0x0000000085800000|  0%| F|  |TAMS 0x0000000085700000| PB 0x0000000085700000| Untracked |  0
|  24|0x0000000085800000, 0x0000000085800000, 0x0000000085900000|  0%| F|  |TAMS 0x0000000085800000| PB 0x0000000085800000| Untracked |  0
|  25|0x0000000085900000, 0x0000000085900000, 0x0000000085a00000|  0%| F|  |TAMS 0x0000000085900000| PB 0x0000000085900000| Untracked |  0
|  26|0x0000000085a00000, 0x0000000085a00000, 0x0000000085b00000|  0%| F|  |TAMS 0x0000000085a00000| PB 0x0000000085a00000| Untracked |  0
|  27|0x0000000085b00000, 0x0000000085b00000, 0x0000000085c00000|  0%| F|  |TAMS 0x0000000085b00000| PB 0x0000000085b00000| Untracked |  0
|  28|0x0000000085c00000, 0x0000000085c00000, 0x0000000085d00000|  0%| F|  |TAMS 0x0000000085c00000| PB 0x0000000085c00000| Untracked |  0
|  29|0x0000000085d00000, 0x0000000085d00000, 0x0000000085e00000|  0%| F|  |TAMS 0x0000000085d00000| PB 0x0000000085d00000| Untracked |  0
|  30|0x0000000085e00000, 0x0000000085e00000, 0x0000000085f00000|  0%| F|  |TAMS 0x0000000085e00000| PB 0x0000000085e00000| Untracked |  0
|  31|0x0000000085f00000, 0x0000000085f00000, 0x0000000086000000|  0%| F|  |TAMS 0x0000000085f00000| PB 0x0000000085f00000| Untracked |  0
|  32|0x0000000086000000, 0x0000000086000000, 0x0000000086100000|  0%| F|  |TAMS 0x0000000086000000| PB 0x0000000086000000| Untracked |  0
|  33|0x0000000086100000, 0x0000000086100000, 0x0000000086200000|  0%| F|  |TAMS 0x0000000086100000| PB 0x0000000086100000| Untracked |  0
|  34|0x0000000086200000, 0x0000000086200000, 0x0000000086300000|  0%| F|  |TAMS 0x0000000086200000| PB 0x0000000086200000| Untracked |  0
|  35|0x0000000086300000, 0x0000000086300000, 0x0000000086400000|  0%| F|  |TAMS 0x0000000086300000| PB 0x0000000086300000| Untracked |  0
|  36|0x0000000086400000, 0x0000000086400000, 0x0000000086500000|  0%| F|  |TAMS 0x0000000086400000| PB 0x0000000086400000| Untracked |  0
|  37|0x0000000086500000, 0x0000000086500000, 0x0000000086600000|  0%| F|  |TAMS 0x0000000086500000| PB 0x0000000086500000| Untracked |  0
|  38|0x0000000086600000, 0x0000000086600000, 0x0000000086700000|  0%| F|  |TAMS 0x0000000086600000| PB 0x0000000086600000| Untracked |  0
|  39|0x0000000086700000, 0x0000000086700000, 0x0000000086800000|  0%| F|  |TAMS 0x0000000086700000| PB 0x0000000086700000| Untracked |  0
|  40|0x0000000086800000, 0x0000000086800000, 0x0000000086900000|  0%| F|  |TAMS 0x0000000086800000| PB 0x0000000086800000| Untracked |  0
|  41|0x0000000086900000, 0x0000000086900000, 0x0000000086a00000|  0%| F|  |TAMS 0x0000000086900000| PB 0x0000000086900000| Untracked |  0
|  42|0x0000000086a00000, 0x0000000086a00000, 0x0000000086b00000|  0%| F|  |TAMS 0x0000000086a00000| PB 0x0000000086a00000| Untracked |  0
|  43|0x0000000086b00000, 0x0000000086b00000, 0x0000000086c00000|  0%| F|  |TAMS 0x0000000086b00000| PB 0x0000000086b00000| Untracked |  0
|  44|0x0000000086c00000, 0x0000000086c00000, 0x0000000086d00000|  0%| F|  |TAMS 0x0000000086c00000| PB 0x0000000086c00000| Untracked |  0
|  45|0x0000000086d00000, 0x0000000086d00000, 0x0000000086e00000|  0%| F|  |TAMS 0x0000000086d00000| PB 0x0000000086d00000| Untracked |  0
|  46|0x0000000086e00000, 0x0000000086e00000, 0x0000000086f00000|  0%| F|  |TAMS 0x0000000086e00000| PB 0x0000000086e00000| Untracked |  0
|  47|0x0000000086f00000, 0x0000000086f00000, 0x0000000087000000|  0%| F|  |TAMS 0x0000000086f00000| PB 0x0000000086f00000| Untracked |  0
|  48|0x0000000087000000, 0x0000000087000000, 0x0000000087100000|  0%| F|  |TAMS 0x0000000087000000| PB 0x0000000087000000| Untracked |  0
|  49|0x0000000087100000, 0x0000000087100000, 0x0000000087200000|  0%| F|  |TAMS 0x0000000087100000| PB 0x0000000087100000| Untracked |  0
|  50|0x0000000087200000, 0x0000000087200000, 0x0000000087300000|  0%| F|  |TAMS 0x0000000087200000| PB 0x0000000087200000| Untracked |  0
|  51|0x0000000087300000, 0x0000000087300000, 0x0000000087400000|  0%| F|  |TAMS 0x0000000087300000| PB 0x0000000087300000| Untracked |  0
|  52|0x0000000087400000, 0x0000000087400000, 0x0000000087500000|  0%| F|  |TAMS 0x0000000087400000| PB 0x0000000087400000| Untracked |  0
|  53|0x0000000087500000, 0x0000000087500000, 0x0000000087600000|  0%| F|  |TAMS 0x0000000087500000| PB 0x0000000087500000| Untracked |  0
|  54|0x0000000087600000, 0x0000000087600000, 0x0000000087700000|  0%| F|  |TAMS 0x0000000087600000| PB 0x0000000087600000| Untracked |  0
|  55|0x0000000087700000, 0x0000000087700000, 0x0000000087800000|  0%| F|  |TAMS 0x0000000087700000| PB 0x0000000087700000| Untracked |  0
|  56|0x0000000087800000, 0x0000000087800000, 0x0000000087900000|  0%| F|  |TAMS 0x0000000087800000| PB 0x0000000087800000| Untracked |  0
|  57|0x0000000087900000, 0x0000000087900000, 0x0000000087a00000|  0%| F|  |TAMS 0x0000000087900000| PB 0x0000000087900000| Untracked |  0
|  58|0x0000000087a00000, 0x0000000087a00000, 0x0000000087b00000|  0%| F|  |TAMS 0x0000000087a00000| PB 0x0000000087a00000| Untracked |  0
|  59|0x0000000087b00000, 0x0000000087b00000, 0x0000000087c00000|  0%| F|  |TAMS 0x0000000087b00000| PB 0x0000000087b00000| Untracked |  0
|  60|0x0000000087c00000, 0x0000000087c00000, 0x0000000087d00000|  0%| F|  |TAMS 0x0000000087c00000| PB 0x0000000087c00000| Untracked |  0
|  61|0x0000000087d00000, 0x0000000087d00000, 0x0000000087e00000|  0%| F|  |TAMS 0x0000000087d00000| PB 0x0000000087d00000| Untracked |  0
|  62|0x0000000087e00000, 0x0000000087e00000, 0x0000000087f00000|  0%| F|  |TAMS 0x0000000087e00000| PB 0x0000000087e00000| Untracked |  0
|  63|0x0000000087f00000, 0x0000000087f00000, 0x0000000088000000|  0%| F|  |TAMS 0x0000000087f00000| PB 0x0000000087f00000| Untracked |  0
|  64|0x0000000088000000, 0x0000000088000000, 0x0000000088100000|  0%| F|  |TAMS 0x0000000088000000| PB 0x0000000088000000| Untracked |  0
|  65|0x0000000088100000, 0x0000000088100000, 0x0000000088200000|  0%| F|  |TAMS 0x0000000088100000| PB 0x0000000088100000| Untracked |  0
|  66|0x0000000088200000, 0x0000000088200000, 0x0000000088300000|  0%| F|  |TAMS 0x0000000088200000| PB 0x0000000088200000| Untracked |  0
|  67|0x0000000088300000, 0x0000000088300000, 0x0000000088400000|  0%| F|  |TAMS 0x0000000088300000| PB 0x0000000088300000| Untracked |  0
|  68|0x0000000088400000, 0x0000000088400000, 0x0000000088500000|  0%| F|  |TAMS 0x0000000088400000| PB 0x0000000088400000| Untracked |  0
|  69|0x0000000088500000, 0x0000000088500000, 0x0000000088600000|  0%| F|  |TAMS 0x0000000088500000| PB 0x0000000088500000| Untracked |  0
|  70|0x0000000088600000, 0x0000000088600000, 0x0000000088700000|  0%| F|  |TAMS 0x0000000088600000| PB 0x0000000088600000| Untracked |  0
|  71|0x0000000088700000, 0x0000000088700000, 0x0000000088800000|  0%| F|  |TAMS 0x0000000088700000| PB 0x0000000088700000| Untracked |  0
|  72|0x0000000088800000, 0x0000000088800000, 0x0000000088900000|  0%| F|  |TAMS 0x0000000088800000| PB 0x0000000088800000| Untracked |  0
|  73|0x0000000088900000, 0x0000000088900000, 0x0000000088a00000|  0%| F|  |TAMS 0x0000000088900000| PB 0x0000000088900000| Untracked |  0
|  74|0x0000000088a00000, 0x0000000088a00000, 0x0000000088b00000|  0%| F|  |TAMS 0x0000000088a00000| PB 0x0000000088a00000| Untracked |  0
|  75|0x0000000088b00000, 0x0000000088b00000, 0x0000000088c00000|  0%| F|  |TAMS 0x0000000088b00000| PB 0x0000000088b00000| Untracked |  0
|  76|0x0000000088c00000, 0x0000000088c00000, 0x0000000088d00000|  0%| F|  |TAMS 0x0000000088c00000| PB 0x0000000088c00000| Untracked |  0
|  77|0x0000000088d00000, 0x0000000088d00000, 0x0000000088e00000|  0%| F|  |TAMS 0x0000000088d00000| PB 0x0000000088d00000| Untracked |  0
|  78|0x0000000088e00000, 0x0000000088e00000, 0x0000000088f00000|  0%| F|  |TAMS 0x0000000088e00000| PB 0x0000000088e00000| Untracked |  0
|  79|0x0000000088f00000, 0x0000000088f00000, 0x0000000089000000|  0%| F|  |TAMS 0x0000000088f00000| PB 0x0000000088f00000| Untracked |  0
|  80|0x0000000089000000, 0x0000000089000000, 0x0000000089100000|  0%| F|  |TAMS 0x0000000089000000| PB 0x0000000089000000| Untracked |  0
|  81|0x0000000089100000, 0x0000000089100000, 0x0000000089200000|  0%| F|  |TAMS 0x0000000089100000| PB 0x0000000089100000| Untracked |  0
|  82|0x0000000089200000, 0x0000000089200000, 0x0000000089300000|  0%| F|  |TAMS 0x0000000089200000| PB 0x0000000089200000| Untracked |  0
|  83|0x0000000089300000, 0x0000000089300000, 0x0000000089400000|  0%| F|  |TAMS 0x0000000089300000| PB 0x0000000089300000| Untracked |  0
|  84|0x0000000089400000, 0x0000000089400000, 0x0000000089500000|  0%| F|  |TAMS 0x0000000089400000| PB 0x0000000089400000| Untracked |  0
|  85|0x0000000089500000, 0x0000000089500000, 0x0000000089600000|  0%| F|  |TAMS 0x0000000089500000| PB 0x0000000089500000| Untracked |  0
|  86|0x0000000089600000, 0x0000000089600000, 0x0000000089700000|  0%| F|  |TAMS 0x0000000089600000| PB 0x0000000089600000| Untracked |  0
|  87|0x0000000089700000, 0x0000000089700000, 0x0000000089800000|  0%| F|  |TAMS 0x0000000089700000| PB 0x0000000089700000| Untracked |  0
|  88|0x0000000089800000, 0x0000000089800000, 0x0000000089900000|  0%| F|  |TAMS 0x0000000089800000| PB 0x0000000089800000| Untracked |  0
|  89|0x0000000089900000, 0x0000000089900000, 0x0000000089a00000|  0%| F|  |TAMS 0x0000000089900000| PB 0x0000000089900000| Untracked |  0
|  90|0x0000000089a00000, 0x0000000089a00000, 0x0000000089b00000|  0%| F|  |TAMS 0x0000000089a00000| PB 0x0000000089a00000| Untracked |  0
|  91|0x0000000089b00000, 0x0000000089b00000, 0x0000000089c00000|  0%| F|  |TAMS 0x0000000089b00000| PB 0x0000000089b00000| Untracked |  0
|  92|0x0000000089c00000, 0x0000000089c00000, 0x0000000089d00000|  0%| F|  |TAMS 0x0000000089c00000| PB 0x0000000089c00000| Untracked |  0
|  93|0x0000000089d00000, 0x0000000089d00000, 0x0000000089e00000|  0%| F|  |TAMS 0x0000000089d00000| PB 0x0000000089d00000| Untracked |  0
|  94|0x0000000089e00000, 0x0000000089e00000, 0x0000000089f00000|  0%| F|  |TAMS 0x0000000089e00000| PB 0x0000000089e00000| Untracked |  0
|  95|0x0000000089f00000, 0x0000000089f00000, 0x000000008a000000|  0%| F|  |TAMS 0x0000000089f00000| PB 0x0000000089f00000| Untracked |  0
|  96|0x000000008a000000, 0x000000008a000000, 0x000000008a100000|  0%| F|  |TAMS 0x000000008a000000| PB 0x000000008a000000| Untracked |  0
|  97|0x000000008a100000, 0x000000008a100000, 0x000000008a200000|  0%| F|  |TAMS 0x000000008a100000| PB 0x000000008a100000| Untracked |  0
|  98|0x000000008a200000, 0x000000008a200000, 0x000000008a300000|  0%| F|  |TAMS 0x000000008a200000| PB 0x000000008a200000| Untracked |  0
|  99|0x000000008a300000, 0x000000008a300000, 0x000000008a400000|  0%| F|  |TAMS 0x000000008a300000| PB 0x000000008a300000| Untracked |  0
| 100|0x000000008a400000, 0x000000008a400000, 0x000000008a500000|  0%| F|  |TAMS 0x000000008a400000| PB 0x000000008a400000| Untracked |  0
| 101|0x000000008a500000, 0x000000008a500000, 0x000000008a600000|  0%| F|  |TAMS 0x000000008a500000| PB 0x000000008a500000| Untracked |  0
| 102|0x000000008a600000, 0x000000008a600000, 0x000000008a700000|  0%| F|  |TAMS 0x000000008a600000| PB 0x000000008a600000| Untracked |  0
| 103|0x000000008a700000, 0x000000008a700000, 0x000000008a800000|  0%| F|  |TAMS 0x000000008a700000| PB 0x000000008a700000| Untracked |  0
| 104|0x000000008a800000, 0x000000008a800000, 0x000000008a900000|  0%| F|  |TAMS 0x000000008a800000| PB 0x000000008a800000| Untracked |  0
| 105|0x000000008a900000, 0x000000008a900000, 0x000000008aa00000|  0%| F|  |TAMS 0x000000008a900000| PB 0x000000008a900000| Untracked |  0
| 106|0x000000008aa00000, 0x000000008aa00000, 0x000000008ab00000|  0%| F|  |TAMS 0x000000008aa00000| PB 0x000000008aa00000| Untracked |  0
| 107|0x000000008ab00000, 0x000000008ab00000, 0x000000008ac00000|  0%| F|  |TAMS 0x000000008ab00000| PB 0x000000008ab00000| Untracked |  0
| 108|0x000000008ac00000, 0x000000008ac00000, 0x000000008ad00000|  0%| F|  |TAMS 0x000000008ac00000| PB 0x000000008ac00000| Untracked |  0
| 109|0x000000008ad00000, 0x000000008ad00000, 0x000000008ae00000|  0%| F|  |TAMS 0x000000008ad00000| PB 0x000000008ad00000| Untracked |  0
| 110|0x000000008ae00000, 0x000000008ae00000, 0x000000008af00000|  0%| F|  |TAMS 0x000000008ae00000| PB 0x000000008ae00000| Untracked |  0
| 111|0x000000008af00000, 0x000000008af00000, 0x000000008b000000|  0%| F|  |TAMS 0x000000008af00000| PB 0x000000008af00000| Untracked |  0
| 112|0x000000008b000000, 0x000000008b000000, 0x000000008b100000|  0%| F|  |TAMS 0x000000008b000000| PB 0x000000008b000000| Untracked |  0
| 113|0x000000008b100000, 0x000000008b100000, 0x000000008b200000|  0%| F|  |TAMS 0x000000008b100000| PB 0x000000008b100000| Untracked |  0
| 114|0x000000008b200000, 0x000000008b200000, 0x000000008b300000|  0%| F|  |TAMS 0x000000008b200000| PB 0x000000008b200000| Untracked |  0
| 115|0x000000008b300000, 0x000000008b300000, 0x000000008b400000|  0%| F|  |TAMS 0x000000008b300000| PB 0x000000008b300000| Untracked |  0
| 116|0x000000008b400000, 0x000000008b400000, 0x000000008b500000|  0%| F|  |TAMS 0x000000008b400000| PB 0x000000008b400000| Untracked |  0
| 117|0x000000008b500000, 0x000000008b500000, 0x000000008b600000|  0%| F|  |TAMS 0x000000008b500000| PB 0x000000008b500000| Untracked |  0
| 118|0x000000008b600000, 0x000000008b600000, 0x000000008b700000|  0%| F|  |TAMS 0x000000008b600000| PB 0x000000008b600000| Untracked |  0
| 119|0x000000008b700000, 0x000000008b700000, 0x000000008b800000|  0%| F|  |TAMS 0x000000008b700000| PB 0x000000008b700000| Untracked |  0
| 120|0x000000008b800000, 0x000000008b800000, 0x000000008b900000|  0%| F|  |TAMS 0x000000008b800000| PB 0x000000008b800000| Untracked |  0
| 121|0x000000008b900000, 0x000000008b9f5ea8, 0x000000008ba00000| 96%| E|  |TAMS 0x000000008b900000| PB 0x000000008b900000| Complete |  0
| 122|0x000000008ba00000, 0x000000008bb00000, 0x000000008bb00000|100%| E|CS|TAMS 0x000000008ba00000| PB 0x000000008ba00000| Complete |  0
| 123|0x000000008bb00000, 0x000000008bc00000, 0x000000008bc00000|100%| E|CS|TAMS 0x000000008bb00000| PB 0x000000008bb00000| Complete |  0

Card table byte_map: [0x000001877a080000,0x000001877a460000] _byte_map_base: 0x0000018779c60000

Marking Bits: (CMBitMap*) 0x00000187796c3c50
 Bits: [0x000001877a460000, 0x000001877c360000)

Polling page: 0x0000018777590000

Metaspace:

Usage:
  Non-class:    921.39 KB used.
      Class:     80.44 KB used.
       Both:   1001.83 KB used.

Virtual space:
  Non-class space:       64.00 MB reserved,       1.00 MB (  2%) committed,  1 nodes.
      Class space:        1.00 GB reserved,     192.00 KB ( <1%) committed,  1 nodes.
             Both:        1.06 GB reserved,       1.19 MB ( <1%) committed. 

Chunk freelists:
   Non-Class:  11.99 MB
       Class:  15.74 MB
        Both:  27.73 MB

MaxMetaspaceSize: unlimited
CompressedClassSpaceSize: 1.00 GB
Initial GC threshold: 21.00 MB
Current GC threshold: 21.00 MB
CDS: on
 - commit_granule_bytes: 65536.
 - commit_granule_words: 8192.
 - virtual_space_node_default_size: 8388608.
 - enlarge_chunks_in_place: 1.
 - use_allocation_guard: 0.


Internal statistics:

num_allocs_failed_limit: 0.
num_arena_births: 8.
num_arena_deaths: 0.
num_vsnodes_births: 2.
num_vsnodes_deaths: 0.
num_space_committed: 19.
num_space_uncommitted: 0.
num_chunks_returned_to_freelist: 0.
num_chunks_taken_from_freelist: 9.
num_chunk_merges: 0.
num_chunk_splits: 5.
num_chunks_enlarged: 2.
num_inconsistent_stats: 0.

CodeHeap 'non-profiled nmethods': size=120000Kb used=76Kb max_used=76Kb free=119923Kb
 bounds [0x000001870fd60000, 0x000001870ffd0000, 0x0000018717290000]
CodeHeap 'profiled nmethods': size=120000Kb used=266Kb max_used=266Kb free=119734Kb
 bounds [0x0000018708290000, 0x0000018708500000, 0x000001870f7c0000]
CodeHeap 'non-nmethods': size=5760Kb used=1409Kb max_used=1423Kb free=4350Kb
 bounds [0x000001870f7c0000, 0x000001870fa30000, 0x000001870fd60000]
 total_blobs=657 nmethods=251 adapters=311
 compilation: enabled
              stopped_count=0, restarted_count=0
 full_count=0

Compilation events (20 events):
Event: 0.052 Thread 0x000001877efbe210 nmethod 190 0x000001870fd6ec90 code [0x000001870fd6ee20, 0x000001870fd6eee8]
Event: 0.053 Thread 0x000001877efbe210  191       3       java.lang.StringLatin1::canEncode (13 bytes)
Event: 0.054 Thread 0x000001877efbe210 nmethod 191 0x00000187082bf090 code [0x00000187082bf220, 0x00000187082bf360]
Event: 0.054 Thread 0x000001877efbe210  192       3       java.lang.StringBuilder::append (8 bytes)
Event: 0.054 Thread 0x000001877efbe210 nmethod 192 0x00000187082bf410 code [0x00000187082bf5c0, 0x00000187082bf710]
Event: 0.054 Thread 0x000001877efbe210  193       3       java.lang.AbstractStringBuilder::append (77 bytes)
Event: 0.054 Thread 0x000001877efbe210 nmethod 193 0x00000187082bf790 code [0x00000187082bf9a0, 0x00000187082c0048]
Event: 0.054 Thread 0x000001877efbe210  194       3       sun.nio.fs.WindowsPathParser::isSlash (18 bytes)
Event: 0.054 Thread 0x000001877efbe210 nmethod 194 0x00000187082c0310 code [0x00000187082c04a0, 0x00000187082c0610]
Event: 0.054 Thread 0x000001877efbe210  195       3       java.util.zip.ZipUtils::SH (21 bytes)
Event: 0.054 Thread 0x000001877efbe210 nmethod 195 0x00000187082c0690 code [0x00000187082c0820, 0x00000187082c0968]
Event: 0.054 Thread 0x000001877efbe210  196       3       java.util.zip.ZipUtils::LG (22 bytes)
Event: 0.054 Thread 0x000001877efbe210 nmethod 196 0x00000187082c0a90 code [0x00000187082c0c40, 0x00000187082c0eb0]
Event: 0.054 Thread 0x000001877efbe210  198       3       java.lang.StringCoding::countPositives (33 bytes)
Event: 0.054 Thread 0x000001877efbe210 nmethod 198 0x00000187082c1010 code [0x00000187082c11c0, 0x00000187082c13e0]
Event: 0.054 Thread 0x000001877efbe210  200       3       java.util.zip.ZipUtils::CENCOM (9 bytes)
Event: 0.054 Thread 0x000001877efbe210 nmethod 200 0x00000187082c1510 code [0x00000187082c16c0, 0x00000187082c1868]
Event: 0.054 Thread 0x000001877efbe210  201       3       java.util.zip.ZipUtils::CENEXT (9 bytes)
Event: 0.054 Thread 0x000001877efbe210 nmethod 201 0x00000187082c1990 code [0x00000187082c1b40, 0x00000187082c1ce8]
Event: 0.054 Thread 0x000001877efbe210  202   !   3       java.util.zip.ZipFile$Source::checkAndAddEntry (354 bytes)

GC Heap History (0 events):
No events

Dll operation events (4 events):
Event: 0.005 Loaded shared library C:\Program Files\Java\jdk-22\bin\java.dll
Event: 0.027 Loaded shared library C:\Program Files\Java\jdk-22\bin\jsvml.dll
Event: 0.044 Loaded shared library C:\Program Files\Java\jdk-22\bin\net.dll
Event: 0.045 Loaded shared library C:\Program Files\Java\jdk-22\bin\nio.dll

Deoptimization events (0 events):
No events

Classes loaded (20 events):
Event: 0.045 Loading class java/nio/file/DirectoryStream done
Event: 0.045 Loading class sun/nio/fs/WindowsDirectoryStream done
Event: 0.045 Loading class sun/nio/fs/WindowsDirectoryStream$WindowsDirectoryIterator
Event: 0.045 Loading class sun/nio/fs/WindowsDirectoryStream$WindowsDirectoryIterator done
Event: 0.045 Loading class sun/nio/fs/WindowsPath$WindowsPathWithAttributes
Event: 0.046 Loading class sun/nio/fs/BasicFileAttributesHolder
Event: 0.046 Loading class sun/nio/fs/BasicFileAttributesHolder done
Event: 0.046 Loading class sun/nio/fs/WindowsPath$WindowsPathWithAttributes done
Event: 0.046 Loading class java/nio/file/attribute/FileAttribute
Event: 0.046 Loading class java/nio/file/attribute/FileAttribute done
Event: 0.046 Loading class sun/nio/fs/WindowsSecurityDescriptor
Event: 0.046 Loading class sun/nio/fs/WindowsSecurityDescriptor done
Event: 0.046 Loading class sun/nio/fs/WindowsChannelFactory
Event: 0.046 Loading class sun/nio/fs/WindowsChannelFactory done
Event: 0.046 Loading class sun/nio/fs/WindowsChannelFactory$1
Event: 0.046 Loading class sun/nio/fs/WindowsChannelFactory$1 done
Event: 0.046 Loading class sun/nio/fs/WindowsChannelFactory$Flags
Event: 0.046 Loading class sun/nio/fs/WindowsChannelFactory$Flags done
Event: 0.047 Loading class jdk/internal/module/ModuleReferenceImpl$CachedHash
Event: 0.047 Loading class jdk/internal/module/ModuleReferenceImpl$CachedHash done

Classes unloaded (0 events):
No events

Classes redefined (0 events):
No events

Internal exceptions (2 events):
Event: 0.045 Thread 0x0000018777333100 Exception <a 'sun/nio/fs/WindowsException'{0x000000008babcc68}> (0x000000008babcc68) 
thrown [s\open\src\hotspot\share\prims\jni.cpp, line 520]
Event: 0.046 Thread 0x0000018777333100 Exception <a 'sun/nio/fs/WindowsException'{0x000000008babf3d0}> (0x000000008babf3d0) 
thrown [s\open\src\hotspot\share\prims\jni.cpp, line 520]

ZGC Phase Switch (0 events):
No events

VM Operations (2 events):
Event: 0.047 Executing VM operation: HandshakeAllThreads (Deoptimize)
Event: 0.047 Executing VM operation: HandshakeAllThreads (Deoptimize) done

Memory protections (0 events):
No events

Nmethod flushes (0 events):
No events

Events (11 events):
Event: 0.016 Thread 0x0000018777333100 Thread added: 0x0000018777333100
Event: 0.025 Thread 0x0000018777333100 Thread added: 0x000001877efac300
Event: 0.025 Thread 0x0000018777333100 Thread added: 0x000001877efad110
Event: 0.025 Thread 0x0000018777333100 Thread added: 0x000001877efb0de0
Event: 0.025 Thread 0x0000018777333100 Thread added: 0x000001877efb1930
Event: 0.025 Thread 0x0000018777333100 Thread added: 0x000001877efb6490
Event: 0.025 Thread 0x0000018777333100 Thread added: 0x000001877efb9120
Event: 0.025 Thread 0x0000018777333100 Thread added: 0x000001877efbbbc0
Event: 0.025 Thread 0x0000018777333100 Thread added: 0x000001877efbe210
Event: 0.038 Thread 0x0000018777333100 Thread added: 0x0000018717479330
Event: 0.053 Thread 0x0000018777333100 Thread added: 0x0000018717539650


Dynamic libraries:
0x00007ff7eb720000 - 0x00007ff7eb730000 	C:\Program Files\Java\jdk-22\bin\java.exe
0x00007ff9156b0000 - 0x00007ff9158c7000 	C:\Windows\SYSTEM32\ntdll.dll
0x00007ff914fe0000 - 0x00007ff9150a4000 	C:\Windows\System32\KERNEL32.DLL
0x00007ff9129d0000 - 0x00007ff912d7d000 	C:\Windows\System32\KERNELBASE.dll
0x00007ff912ee0000 - 0x00007ff912ff1000 	C:\Windows\System32\ucrtbase.dll
0x00007ff8dcbb0000 - 0x00007ff8dcbcb000 	C:\Program Files\Java\jdk-22\bin\VCRUNTIME140.dll
0x00007ff909790000 - 0x00007ff9097a7000 	C:\Program Files\Java\jdk-22\bin\jli.dll
0x00007ff914d80000 - 0x00007ff914f2e000 	C:\Windows\System32\USER32.dll
0x00007ff913070000 - 0x00007ff913096000 	C:\Windows\System32\win32u.dll
0x00007ff9074b0000 - 0x00007ff907743000 	C:\Windows\WinSxS\amd64_microsoft.windows.common-controls_6595b64144ccf1df_6.0.22621.3672_none_2713b9d173822955\COMCTL32.dll
0x00007ff915540000 - 0x00007ff915569000 	C:\Windows\System32\GDI32.dll
0x00007ff9141e0000 - 0x00007ff914287000 	C:\Windows\System32\msvcrt.dll
0x00007ff9130a0000 - 0x00007ff9131b9000 	C:\Windows\System32\gdi32full.dll
0x00007ff912e40000 - 0x00007ff912eda000 	C:\Windows\System32\msvcp_win.dll
0x00007ff9142a0000 - 0x00007ff9142d1000 	C:\Windows\System32\IMM32.DLL
0x00007ff907750000 - 0x00007ff90775c000 	C:\Program Files\Java\jdk-22\bin\vcruntime140_1.dll
0x00007ff8796a0000 - 0x00007ff87972e000 	C:\Program Files\Java\jdk-22\bin\msvcp140.dll
0x00007ff8799f0000 - 0x00007ff87a739000 	C:\Program Files\Java\jdk-22\bin\server\jvm.dll
0x00007ff913430000 - 0x00007ff9134e2000 	C:\Windows\System32\ADVAPI32.dll
0x00007ff9151d0000 - 0x00007ff915279000 	C:\Windows\System32\sechost.dll
0x00007ff9133b0000 - 0x00007ff9133d8000 	C:\Windows\System32\bcrypt.dll
0x00007ff915320000 - 0x00007ff915434000 	C:\Windows\System32\RPCRT4.dll
0x00007ff9155d0000 - 0x00007ff915641000 	C:\Windows\System32\WS2_32.dll
0x00007ff911860000 - 0x00007ff9118ad000 	C:\Windows\SYSTEM32\POWRPROF.dll
0x00007ff90a260000 - 0x00007ff90a294000 	C:\Windows\SYSTEM32\WINMM.dll
0x00007ff90a030000 - 0x00007ff90a03a000 	C:\Windows\SYSTEM32\VERSION.dll
0x00007ff911840000 - 0x00007ff911853000 	C:\Windows\SYSTEM32\UMPDC.dll
0x00007ff911a90000 - 0x00007ff911aa8000 	C:\Windows\SYSTEM32\kernel.appcore.dll
0x00007ff893830000 - 0x00007ff89383a000 	C:\Program Files\Java\jdk-22\bin\jimage.dll
0x00007ff90fd00000 - 0x00007ff90ff32000 	C:\Windows\SYSTEM32\DBGHELP.DLL
0x00007ff913970000 - 0x00007ff913cfd000 	C:\Windows\System32\combase.dll
0x00007ff913ec0000 - 0x00007ff913f97000 	C:\Windows\System32\OLEAUT32.dll
0x00007ff906300000 - 0x00007ff906332000 	C:\Windows\SYSTEM32\dbgcore.DLL
0x00007ff913330000 - 0x00007ff9133ab000 	C:\Windows\System32\bcryptPrimitives.dll
0x00007ff893840000 - 0x00007ff89385e000 	C:\Program Files\Java\jdk-22\bin\java.dll
0x00007ff9142e0000 - 0x00007ff914b48000 	C:\Windows\System32\SHELL32.dll
0x00007ff913fa0000 - 0x00007ff914145000 	C:\Windows\System32\ole32.dll
0x00007ff910930000 - 0x00007ff91122e000 	C:\Windows\SYSTEM32\windows.storage.dll
0x00007ff9107f0000 - 0x00007ff91092f000 	C:\Windows\SYSTEM32\wintypes.dll
0x00007ff915440000 - 0x00007ff915539000 	C:\Windows\System32\SHCORE.dll
0x00007ff914b60000 - 0x00007ff914bbe000 	C:\Windows\System32\shlwapi.dll
0x00007ff912900000 - 0x00007ff912921000 	C:\Windows\SYSTEM32\profapi.dll
0x00007ff879910000 - 0x00007ff8799e7000 	C:\Program Files\Java\jdk-22\bin\jsvml.dll
0x00007ff893820000 - 0x00007ff893830000 	C:\Program Files\Java\jdk-22\bin\net.dll
0x00007ff911f60000 - 0x00007ff911fc9000 	C:\Windows\system32\mswsock.dll
0x00007ff8798f0000 - 0x00007ff879906000 	C:\Program Files\Java\jdk-22\bin\nio.dll
0x00007ff8798d0000 - 0x00007ff8798e7000 	C:\Program Files\Java\jdk-22\bin\zip.dll

dbghelp: loaded successfully - version: 4.0.5 - missing functions: none
symbol engine: initialized successfully - sym options: 0x614 - pdb path: .;C:\Program Files\Java\jdk-22\bin;C:\Windows\SYSTEM32;C:\Windows\WinSxS\amd64_microsoft.windows.common-controls_6595b64144ccf1df_6.0.22621.3672_none_2713b9d173822955;C:\Program Files\Java\jdk-22\bin\server

VM Arguments:
jvm_args: -Dfile.encoding=UTF-8 --module-path=C:\Users\krupa\OneDrive\Documents\NetBeansProjects\AirLineManagementSystem\build\classes 
java_command: airlinemanagementsystem.AddCustomer
java_class_path (initial): C:\Users\krupa\OneDrive\Desktop\mysql-connector-java-8.0.28.jar;C:\Users\krupa\OneDrive\Documents\NetBeansProjects\AirLineManagementSystem\build\classes
Launcher Type: SUN_STANDARD

[Global flags]
     intx CICompilerCount                          = 4                                         {product} {ergonomic}
     uint ConcGCThreads                            = 3                                         {product} {ergonomic}
     uint G1ConcRefinementThreads                  = 10                                        {product} {ergonomic}
   size_t G1HeapRegionSize                         = 1048576                                   {product} {ergonomic}
   size_t InitialHeapSize                          = 130023424                                 {product} {ergonomic}
   size_t MarkStackSize                            = 4194304                                   {product} {ergonomic}
   size_t MaxHeapSize                              = 2080374784                                {product} {ergonomic}
   size_t MaxNewSize                               = 1247805440                                {product} {ergonomic}
   size_t MinHeapDeltaBytes                        = 1048576                                   {product} {ergonomic}
   size_t MinHeapSize                              = 8388608                                   {product} {ergonomic}
    uintx NonNMethodCodeHeapSize                   = 5839372                                {pd product} {ergonomic}
    uintx NonProfiledCodeHeapSize                  = 122909434                              {pd product} {ergonomic}
    uintx ProfiledCodeHeapSize                     = 122909434                              {pd product} {ergonomic}
    uintx ReservedCodeCacheSize                    = 251658240                              {pd product} {ergonomic}
     bool SegmentedCodeCache                       = true                                      {product} {ergonomic}
   size_t SoftMaxHeapSize                          = 2080374784                             {manageable} {ergonomic}
     bool UseCompressedOops                        = true                           {product lp64_product} {ergonomic}
     bool UseG1GC                                  = true                                      {product} {ergonomic}
     bool UseLargePagesIndividualAllocation        = false                                  {pd product} {ergonomic}

Logging:
Log output configuration:
 #0: stdout all=warning uptime,level,tags foldmultilines=false
 #1: stderr all=off uptime,level,tags foldmultilines=false

Environment Variables:
JAVA_HOME=C:\Program Files\Java\jdk-21
PATH=C:\Program Files\Common Files\Oracle\Java\javapath;C:\Windows\System32;C:\Users\krupa\AppData\Roaming\Microsoft\Windows\Start Menu\Programs;C:\Users\krupa\AppData\Roaming\Microsoft\Windows\Start Menu\Programs;C:\Windows\system32\config\systemprofile\AppData\Local\Microsoft\WindowsApps;C:\Users\krupa\AppData\Local\Programs\Python\Launcher\;C:\Program Files\MySQL\MySQL Shell 8.0\bin\;C:\ngrok;C:\Program Files\MySQL\MySQL Server 8.0\bin;C:\Users\krupa\AppData\Roaming\npm;C:\Program Files\nodejs\;C:\Program Files\Git\cmd;C:\Program Files\dotnet\;C:\Program Files\MATLAB\MATLAB Runtime\R2023b\runtime\win64;C:\Program Files\Java\jdk-21\bin;C:\Program Files\MATLAB\R2023a\runtime\win64;C:\Program Files\MATLAB\R2023a\bin;C:\Program Files\Java\jdk-22\bin;C:\Users\krupa\AppData\Local\Programs\Eclipse Adoptium\jdk-17.0.10.7-hotspot\bin;C:\Windows\System32;C:\Program Files\MySQL\MySQL Shell 8.0\bin\;C:\Users\krupa\AppData\Local\Programs\Python\Launcher\;C:\Users\krupa\AppData\Local\Microsoft\WindowsApps;C:\Program Files\MySQL\MySQL Server 8.0\bin;C:\Program Files\nodejs\;C:\ngrok;C:\Users\krupa\AppData\Local\Programs\Microsoft VS Code\bin;C:\Users\krupa\AppData\Roaming\npm;C:\Program Files\Java\jdk-22\bin;
USERNAME=krupa
OS=Windows_NT
PROCESSOR_IDENTIFIER=Intel64 Family 6 Model 141 Stepping 1, GenuineIntel
TMP=C:\Users\krupa\AppData\Local\Temp
TEMP=C:\Users\krupa\AppData\Local\Temp




Periodic native trim disabled

---------------  S Y S T E M  ---------------

OS:
 Windows 11 , 64 bit Build 22621 (10.0.22621.3958)
OS uptime: 0 days 15:35 hours

CPU: total 12 (initial active 12) (6 cores per cpu, 2 threads per core) family 6 model 141 stepping 1 microcode 0x50, cx8, cmov, fxsr, ht, mmx, 3dnowpref, sse, sse2, sse3, ssse3, sse4.1, sse4.2, popcnt, lzcnt, tsc, tscinvbit, avx, avx2, aes, erms, clmul, bmi1, bmi2, adx, avx512f, avx512dq, avx512cd, avx512bw, avx512vl, sha, fma, vzeroupper, avx512_vpopcntdq, avx512_vpclmulqdq, avx512_vaes, avx512_vnni, clflush, clflushopt, clwb, avx512_vbmi2, avx512_vbmi, rdtscp, rdpid, fsrm, gfni, avx512_bitalg, f16c, pku, cet_ibt, cet_ss, avx512_ifma
Processor Information for all 12 processors :
  Max Mhz: 2688, Current Mhz: 2688, Mhz Limit: 2688

Memory: 4k page, system-wide physical 7930M (731M free)
TotalPageFile size 32506M (AvailPageFile size 3M)
current process WorkingSet (physical memory assigned to process): 41M, peak: 41M
current process commit charge ("private bytes"): 211M, peak: 211M

vm_info: Java HotSpot(TM) 64-Bit Server VM (22.0.2+9-70) for windows-amd64 JRE (22.0.2+9-70), built on 2024-06-04T16:52:23Z by "mach5one" with MS VC++ 17.6 (VS2022)

END.
